*** Using Compiler 'V5.06 update 6 (build 750)', folder: 'E:\Keil_v5\ARM\ARMCC\Bin'
Rebuild target 'TIVA_RTOS_CAR_tm4c129'
assembling startup_rvmdk.S...
compiling uart_handle.c...
compiling crc.c...
compiling freertos.c...
compiling adc.c...
compiling comp.c...
compiling main.c...
compiling can.c...
compiling aes.c...
compiling des.c...
compiling eeprom.c...
compiling emac.c...
compiling epi.c...
compiling flash.c...
compiling fpu.c...
compiling gpio.c...
compiling hibernate.c...
compiling i2c.c...
compiling tm4c_it.c...
compiling interrupt.c...
compiling lcd.c...
compiling mpu.c...
compiling cpu.c...
compiling onewire.c...
compiling pwm.c...
compiling qei.c...
compiling shamd5.c...
compiling sw_crc.c...
compiling ssi.c...
compiling sysexc.c...
compiling systick.c...
compiling timer.c...
compiling uart.c...
compiling udma.c...
compiling watchdog.c...
compiling croutine.c...
compiling uartstdio.c...
compiling usb.c...
compiling event_groups.c...
compiling list.c...
compiling queue.c...
compiling timers.c...
compiling sysctl.c...
compiling heap_4.c...
compiling tasks.c...
compiling bsp_LED.c...
compiling i2cm_drv.c...
compiling bsp_key.c...
compiling bsp_pwm.c...
compiling bsp_motor.c...
compiling filter.c...
compiling bsp_gpio.c...
compiling port.c...
compiling bsp_uart.c...
linking...
Program Size: Code=9252 RO-data=628 RW-data=120 ZI-data=31840  
FromELF: creating hex file...
".\Objects\TIVA_RTOS_CAR_tm4c129.axf" - 0 Error(s), 0 Warning(s).
Build Time Elapsed:  00:00:04
